#
# A fatal error has been detected by the Java Runtime Environment:
#
#  SIGSEGV (0xb) at pc=0x00000001271457e0, pid=1609, tid=0x0000000000000307
#
# JRE version: Java(TM) SE Runtime Environment (8.0_144-b01) (build 1.8.0_144-b01)
# Java VM: Java HotSpot(TM) 64-Bit Server VM (25.144-b01 mixed mode bsd-amd64 compressed oops)
# Problematic frame:
# C  [libswipl.dylib+0x3b7e0]  get_vmi_state+0x176
#
# Failed to write core dump. Core dumps have been disabled. To enable core dumping, try "ulimit -c unlimited" before starting Java again
#
# If you would like to submit a bug report, please visit:
#   http://bugreport.java.com/bugreport/crash.jsp
# The crash happened outside the Java Virtual Machine in native code.
# See problematic frame for where to report the bug.
#

---------------  T H R E A D  ---------------

Current thread (0x00007ffadd97b800):  JavaThread "JavaFX Application Thread" [_thread_in_native, id=775, stack(0x00007ffee9988000,0x00007ffeea188000)]

siginfo: si_signo: 11 (SIGSEGV), si_code: 0 (unknown), si_addr: 0x0000000000000000

Registers:
RAX=0x625000000006c030, RBX=0x00007ffae1c90042, RCX=0x625000000006c030, RDX=0x0000000127145a8c
RSP=0x00007ffeea181be0, RBP=0x00007ffeea181c20, RSI=0x26f0000000144090, RDI=0x00000001271f6bf0
R8 =0x00000001272001e0, R9 =0x00007ffadc5554f8, R10=0x12807ffae1ff01c2, R11=0x0000000000000202
R12=0x00007ffae1c90042, R13=0x00007ffeea181c40, R14=0x00007ffae1c9004a, R15=0x00007ffadc1f5228
RIP=0x00000001271457e0, EFLAGS=0x0000000000010206, ERR=0x0000000000000000
  TRAPNO=0x000000000000000d

Top of Stack: (sp=0x00007ffeea181be0)
0x00007ffeea181be0:   00007ffeea181ca8 00007ffeea181cd8
0x00007ffeea181bf0:   00007ffeea181c20 00000001272001e0
0x00007ffeea181c00:   0000000000002088 0000000000000000
0x00007ffeea181c10:   0000000000002088 0000000000000000
0x00007ffeea181c20:   00007ffeea181d60 00000001271478f1
0x00007ffeea181c30:   0000000000000000 0000000000000000
0x00007ffeea181c40:   00007ffadc1f5338 00007ffadc1f52a8
0x00007ffeea181c50:   00007ffae12f22a8 0000000000000000
0x00007ffeea181c60:   00007ffadc1f5378 0000000000000000
0x00007ffeea181c70:   0000000000000000 00007ffadc5554f8
0x00007ffeea181c80:   0000000000000000 0000000000000001
0x00007ffeea181c90:   00007ffa00000000 0000000000000004
0x00007ffeea181ca0:   0000000300000003 0000000000002088
0x00007ffeea181cb0:   0000000000000000 0000000100000004
0x00007ffeea181cc0:   0000000000008000 0000000127200220
0x00007ffeea181cd0:   00007ffae1d04770 0000000000400000
0x00007ffeea181ce0:   0000000000010000 000000012710faad
0x00007ffeea181cf0:   00007ffeea1819d0 0000000100000000
0x00007ffeea181d00:   0000000100000001 0000000127200280
0x00007ffeea181d10:   00000001272002e0 00000000000004ef
0x00007ffeea181d20:   0000000000002088 0000000000000000
0x00007ffeea181d30:   00000001272001e0 00000001272001e0
0x00007ffeea181d40:   0000000000000002 00007ffae1c45920
0x00007ffeea181d50:   0000000000000001 0000000000002088
0x00007ffeea181d60:   00007ffeea181d90 00000001271486ae
0x00007ffeea181d70:   00000001272001e0 00000001271fe560
0x00007ffeea181d80:   00007ffadc1f5228 00000000000004c4
0x00007ffeea181d90:   00007ffeea182060 0000000127119054
0x00007ffeea181da0:   0000000000000000 000004c4028757b2
0x00007ffeea181db0:   ea18206000000000 ea181da000007ffe
0x00007ffeea181dc0:   0000000000007ffe dc1f537800000000
0x00007ffeea181dd0:   dc1f522800007ffa dd97b80000007ffa 

Instructions: (pc=0x00000001271457e0)
0x00000001271457c0:   0b 00 48 8d 15 c3 02 00 00 4c 89 e3 48 8b 03 48
0x00000001271457d0:   85 c0 0f 84 ee 00 00 00 4c 8d 73 08 48 8d 34 40
0x00000001271457e0:   0f b6 44 f7 0d 48 3d ff 00 00 00 0f 84 05 01 00
0x00000001271457f0:   00 4d 8d 24 c6 4d 3b 65 10 0f 83 80 01 00 00 48 

Register to memory mapping:

RAX=0x625000000006c030 is an unknown value
RBX=0x00007ffae1c90042 is an unknown value
RCX=0x625000000006c030 is an unknown value
RDX=0x0000000127145a8c: get_vmi_state+0x422 in /usr/local/Cellar/swi-prolog/7.6.4/libexec/lib/swipl-7.6.4/lib/x86_64-darwin17.6.0/libswipl.dylib at 0x000000012710a000
RSP=0x00007ffeea181be0 is pointing into the stack for thread: 0x00007ffadd97b800
RBP=0x00007ffeea181c20 is pointing into the stack for thread: 0x00007ffadd97b800
RSI=0x26f0000000144090 is an unknown value
RDI=0x00000001271f6bf0: codeTable+0 in /usr/local/Cellar/swi-prolog/7.6.4/libexec/lib/swipl-7.6.4/lib/x86_64-darwin17.6.0/libswipl.dylib at 0x000000012710a000
R8 =0x00000001272001e0: PL_local_data+0 in /usr/local/Cellar/swi-prolog/7.6.4/libexec/lib/swipl-7.6.4/lib/x86_64-darwin17.6.0/libswipl.dylib at 0x000000012710a000
R9 =0x00007ffadc5554f8 is an unknown value
R10=0x12807ffae1ff01c2 is an unknown value
R11=0x0000000000000202 is an unknown value
R12=0x00007ffae1c90042 is an unknown value
R13=0x00007ffeea181c40 is pointing into the stack for thread: 0x00007ffadd97b800
R14=0x00007ffae1c9004a is an unknown value
R15=0x00007ffadc1f5228 is an unknown value


Stack: [0x00007ffee9988000,0x00007ffeea188000],  sp=0x00007ffeea181be0,  free space=8166k
Native frames: (J=compiled Java code, j=interpreted, Vv=VM code, C=native code)
C  [libswipl.dylib+0x3b7e0]  get_vmi_state+0x176
C  [libswipl.dylib+0x3d8f1]  growStacks+0x275
C  [libswipl.dylib+0x3e6ae]  growLocalSpace__LD+0x60
C  [libswipl.dylib+0xf054]  PL_next_solution+0x63c7
C  [libjpl.dylib+0x49a1]  Java_org_jpl7_fli_Prolog_next_1solution+0x4c
J 3706  org.jpl7.fli.Prolog.next_solution(Lorg/jpl7/fli/qid_t;)Z (0 bytes) @ 0x000000010832e6ff [0x000000010832e640+0xbf]
J 4270 C2 org.jpl7.Query.oneSolution()Ljava/util/Map; (40 bytes) @ 0x000000010848f8b0 [0x000000010848f480+0x430]
J 4361 C2 de.fh.mapGenerator.MapGenerator.consultingCoords(Ljava/lang/String;II)Z (43 bytes) @ 0x0000000107a083a4 [0x0000000107a08140+0x264]
j  de.fh.mapGenerator.MapGenerator.loadMap([[Lde/fh/level/Tile;)[[Lde/fh/level/Tile;+393
j  de.fh.GUI.GameScene.loadMap()V+11
j  de.fh.GUI.GameScene.lambda$11(Ljavafx/event/ActionEvent;)V+1
j  de.fh.GUI.GameScene$$Lambda$84.handle(Ljavafx/event/Event;)V+8
J 3558 C2 com.sun.javafx.event.EventHandlerManager.dispatchBubblingEvent(Ljavafx/event/Event;)Ljavafx/event/Event; (23 bytes) @ 0x00000001082b702c [0x00000001082b6440+0xbec]
J 3844 C2 com.sun.javafx.event.CompositeEventDispatcher.dispatchBubblingEvent(Ljavafx/event/Event;)Ljavafx/event/Event; (35 bytes) @ 0x000000010793184c [0x00000001079317e0+0x6c]
J 3550 C2 com.sun.javafx.event.BasicEventDispatcher.dispatchEvent(Ljavafx/event/Event;Ljavafx/event/EventDispatchChain;)Ljavafx/event/Event; (44 bytes) @ 0x00000001082995b0 [0x0000000108299480+0x130]
J 3550 C2 com.sun.javafx.event.BasicEventDispatcher.dispatchEvent(Ljavafx/event/Event;Ljavafx/event/EventDispatchChain;)Ljavafx/event/Event; (44 bytes) @ 0x000000010829956c [0x0000000108299480+0xec]
J 3550 C2 com.sun.javafx.event.BasicEventDispatcher.dispatchEvent(Ljavafx/event/Event;Ljavafx/event/EventDispatchChain;)Ljavafx/event/Event; (44 bytes) @ 0x000000010829956c [0x0000000108299480+0xec]
J 3550 C2 com.sun.javafx.event.BasicEventDispatcher.dispatchEvent(Ljavafx/event/Event;Ljavafx/event/EventDispatchChain;)Ljavafx/event/Event; (44 bytes) @ 0x000000010829956c [0x0000000108299480+0xec]
J 3330 C2 com.sun.javafx.event.EventDispatchChainImpl.dispatchEvent(Ljavafx/event/Event;)Ljavafx/event/Event; (101 bytes) @ 0x0000000108197f18 [0x0000000108197e60+0xb8]
J 2609 C1 com.sun.javafx.event.EventUtil.fireEvent(Ljavafx/event/EventTarget;Ljavafx/event/Event;)Ljavafx/event/Event; (81 bytes) @ 0x0000000107f8f65c [0x0000000107f8ea80+0xbdc]
J 2608 C1 javafx.event.Event.fireEvent(Ljavafx/event/EventTarget;Ljavafx/event/Event;)V (35 bytes) @ 0x0000000107f8e42c [0x0000000107f8e360+0xcc]
j  javafx.scene.Node.fireEvent(Ljavafx/event/Event;)V+86
j  javafx.scene.control.Button.fire()V+15
j  com.sun.javafx.scene.control.behavior.ButtonBehavior.mouseReleased(Ljavafx/scene/input/MouseEvent;)V+23
J 3940 C1 com.sun.javafx.scene.control.skin.BehaviorSkinBase$1.handle(Ljavafx/scene/input/MouseEvent;)V (121 bytes) @ 0x0000000107c9c154 [0x0000000107c9bd20+0x434]
J 3939 C1 com.sun.javafx.scene.control.skin.BehaviorSkinBase$1.handle(Ljavafx/event/Event;)V (9 bytes) @ 0x0000000107b8826c [0x0000000107b88100+0x16c]
J 3558 C2 com.sun.javafx.event.EventHandlerManager.dispatchBubblingEvent(Ljavafx/event/Event;)Ljavafx/event/Event; (23 bytes) @ 0x00000001082b67e4 [0x00000001082b6440+0x3a4]
J 3844 C2 com.sun.javafx.event.CompositeEventDispatcher.dispatchBubblingEvent(Ljavafx/event/Event;)Ljavafx/event/Event; (35 bytes) @ 0x000000010793184c [0x00000001079317e0+0x6c]
J 3550 C2 com.sun.javafx.event.BasicEventDispatcher.dispatchEvent(Ljavafx/event/Event;Ljavafx/event/EventDispatchChain;)Ljavafx/event/Event; (44 bytes) @ 0x00000001082995b0 [0x0000000108299480+0x130]
J 3550 C2 com.sun.javafx.event.BasicEventDispatcher.dispatchEvent(Ljavafx/event/Event;Ljavafx/event/EventDispatchChain;)Ljavafx/event/Event; (44 bytes) @ 0x000000010829956c [0x0000000108299480+0xec]
J 3550 C2 com.sun.javafx.event.BasicEventDispatcher.dispatchEvent(Ljavafx/event/Event;Ljavafx/event/EventDispatchChain;)Ljavafx/event/Event; (44 bytes) @ 0x000000010829956c [0x0000000108299480+0xec]
J 3550 C2 com.sun.javafx.event.BasicEventDispatcher.dispatchEvent(Ljavafx/event/Event;Ljavafx/event/EventDispatchChain;)Ljavafx/event/Event; (44 bytes) @ 0x000000010829956c [0x0000000108299480+0xec]
J 3330 C2 com.sun.javafx.event.EventDispatchChainImpl.dispatchEvent(Ljavafx/event/Event;)Ljavafx/event/Event; (101 bytes) @ 0x0000000108197f18 [0x0000000108197e60+0xb8]
J 2609 C1 com.sun.javafx.event.EventUtil.fireEvent(Ljavafx/event/EventTarget;Ljavafx/event/Event;)Ljavafx/event/Event; (81 bytes) @ 0x0000000107f8f1ac [0x0000000107f8ea80+0x72c]
J 5159 C1 javafx.scene.Scene$MouseHandler.process(Ljavafx/scene/input/MouseEvent;Z)V (735 bytes) @ 0x0000000107ef0014 [0x0000000107eed560+0x2ab4]
J 3198 C1 javafx.scene.Scene$ScenePeerListener.mouseEvent(Ljavafx/event/EventType;DDDDLjavafx/scene/input/MouseButton;ZZZZZZZZZ)V (50 bytes) @ 0x000000010814a4b4 [0x000000010814a1e0+0x2d4]
J 5173 C1 com.sun.javafx.tk.quantum.GlassViewEventHandler$MouseEventNotification.run()Ljava/lang/Void; (567 bytes) @ 0x0000000107f35e74 [0x0000000107f350e0+0xd94]
J 4415 C2 com.sun.javafx.tk.quantum.GlassViewEventHandler$MouseEventNotification.run()Ljava/lang/Object; (5 bytes) @ 0x0000000107c83b94 [0x0000000107c83b60+0x34]
v  ~StubRoutines::call_stub
V  [libjvm.dylib+0x2ee70a]  JavaCalls::call_helper(JavaValue*, methodHandle*, JavaCallArguments*, Thread*)+0x6ae
V  [libjvm.dylib+0x34ee68]  JVM_DoPrivileged+0x4b8
J 1850  java.security.AccessController.doPrivileged(Ljava/security/PrivilegedAction;Ljava/security/AccessControlContext;)Ljava/lang/Object; (0 bytes) @ 0x0000000107d72395 [0x0000000107d722c0+0xd5]
J 3051 C1 com.sun.javafx.tk.quantum.GlassViewEventHandler$$Lambda$265.get()Ljava/lang/Object; (8 bytes) @ 0x00000001080d2be4 [0x00000001080d2a00+0x1e4]
J 4591 C1 com.sun.javafx.tk.quantum.QuantumToolkit.runWithoutRenderLock(Ljava/util/function/Supplier;)Ljava/lang/Object; (49 bytes) @ 0x0000000107d3a334 [0x0000000107d39e00+0x534]
J 3048 C1 com.sun.javafx.tk.quantum.GlassViewEventHandler.handleMouseEvent(Lcom/sun/glass/ui/View;JIIIIIIIZZ)V (108 bytes) @ 0x00000001080d3fa4 [0x00000001080d3b80+0x424]
J 5169 C1 com.sun.glass.ui.View.notifyMouse(IIIIIIIZZ)V (221 bytes) @ 0x0000000108037ff4 [0x0000000108036fa0+0x1054]
v  ~StubRoutines::call_stub
V  [libjvm.dylib+0x2ee70a]  JavaCalls::call_helper(JavaValue*, methodHandle*, JavaCallArguments*, Thread*)+0x6ae
V  [libjvm.dylib+0x3258b9]  jni_invoke_nonstatic(JNIEnv_*, JavaValue*, _jobject*, JNICallType, _jmethodID*, JNI_ArgumentPusher*, Thread*)+0x2ec
V  [libjvm.dylib+0x318087]  jni_CallVoidMethod+0x16b
C  [libglass.dylib+0x2055c]  -[GlassViewDelegate sendJavaMouseEvent:]+0x86c
C  [AppKit+0x975836]  -[NSWindow(NSEventRouting) _reallySendEvent:isDelayedEvent:]+0x7a9
C  [AppKit+0x974c70]  -[NSWindow(NSEventRouting) sendEvent:]+0x1f1
C  [libglass.dylib+0x25994]  -[GlassWindow_Normal sendEvent:]+0x74
C  [AppKit+0x7d6236]  -[NSApplication(NSEvent) sendEvent:]+0x99e
C  [AppKit+0x368b5]  -[NSApplication run]+0x32c
C  [libglass.dylib+0x651c]  -[GlassApplication runLoop:]+0x72c
C  [Foundation+0x682b5]  __NSThreadPerformPerform+0x14e
C  [CoreFoundation+0xa3a11]  __CFRUNLOOP_IS_CALLING_OUT_TO_A_SOURCE0_PERFORM_FUNCTION__+0x11
C  [CoreFoundation+0x15d42c]  __CFRunLoopDoSource0+0x6c
C  [CoreFoundation+0x86470]  __CFRunLoopDoSources0+0xd0
C  [CoreFoundation+0x858ed]  __CFRunLoopRun+0x50d
C  [CoreFoundation+0x85153]  CFRunLoopRunSpecific+0x1e3
C  [java+0x6465]  CreateExecutionEnvironment+0x367
C  [java+0x218c]  JLI_Launch+0x7a0
C  [java+0x84c2]  main+0x65
C  [java+0x19e4]  start+0x34
C  0x0000000000000006

Java frames: (J=compiled Java code, j=interpreted, Vv=VM code)
J 3706  org.jpl7.fli.Prolog.next_solution(Lorg/jpl7/fli/qid_t;)Z (0 bytes) @ 0x000000010832e68f [0x000000010832e640+0x4f]
J 4270 C2 org.jpl7.Query.oneSolution()Ljava/util/Map; (40 bytes) @ 0x000000010848f8b0 [0x000000010848f480+0x430]
J 4361 C2 de.fh.mapGenerator.MapGenerator.consultingCoords(Ljava/lang/String;II)Z (43 bytes) @ 0x0000000107a083a4 [0x0000000107a08140+0x264]
j  de.fh.mapGenerator.MapGenerator.loadMap([[Lde/fh/level/Tile;)[[Lde/fh/level/Tile;+393
j  de.fh.GUI.GameScene.loadMap()V+11
j  de.fh.GUI.GameScene.lambda$11(Ljavafx/event/ActionEvent;)V+1
j  de.fh.GUI.GameScene$$Lambda$84.handle(Ljavafx/event/Event;)V+8
J 3558 C2 com.sun.javafx.event.EventHandlerManager.dispatchBubblingEvent(Ljavafx/event/Event;)Ljavafx/event/Event; (23 bytes) @ 0x00000001082b702c [0x00000001082b6440+0xbec]
J 3844 C2 com.sun.javafx.event.CompositeEventDispatcher.dispatchBubblingEvent(Ljavafx/event/Event;)Ljavafx/event/Event; (35 bytes) @ 0x000000010793184c [0x00000001079317e0+0x6c]
J 3550 C2 com.sun.javafx.event.BasicEventDispatcher.dispatchEvent(Ljavafx/event/Event;Ljavafx/event/EventDispatchChain;)Ljavafx/event/Event; (44 bytes) @ 0x00000001082995b0 [0x0000000108299480+0x130]
J 3550 C2 com.sun.javafx.event.BasicEventDispatcher.dispatchEvent(Ljavafx/event/Event;Ljavafx/event/EventDispatchChain;)Ljavafx/event/Event; (44 bytes) @ 0x000000010829956c [0x0000000108299480+0xec]
J 3550 C2 com.sun.javafx.event.BasicEventDispatcher.dispatchEvent(Ljavafx/event/Event;Ljavafx/event/EventDispatchChain;)Ljavafx/event/Event; (44 bytes) @ 0x000000010829956c [0x0000000108299480+0xec]
J 3550 C2 com.sun.javafx.event.BasicEventDispatcher.dispatchEvent(Ljavafx/event/Event;Ljavafx/event/EventDispatchChain;)Ljavafx/event/Event; (44 bytes) @ 0x000000010829956c [0x0000000108299480+0xec]
J 3330 C2 com.sun.javafx.event.EventDispatchChainImpl.dispatchEvent(Ljavafx/event/Event;)Ljavafx/event/Event; (101 bytes) @ 0x0000000108197f18 [0x0000000108197e60+0xb8]
J 2609 C1 com.sun.javafx.event.EventUtil.fireEvent(Ljavafx/event/EventTarget;Ljavafx/event/Event;)Ljavafx/event/Event; (81 bytes) @ 0x0000000107f8f65c [0x0000000107f8ea80+0xbdc]
J 2608 C1 javafx.event.Event.fireEvent(Ljavafx/event/EventTarget;Ljavafx/event/Event;)V (35 bytes) @ 0x0000000107f8e42c [0x0000000107f8e360+0xcc]
j  javafx.scene.Node.fireEvent(Ljavafx/event/Event;)V+86
j  javafx.scene.control.Button.fire()V+15
j  com.sun.javafx.scene.control.behavior.ButtonBehavior.mouseReleased(Ljavafx/scene/input/MouseEvent;)V+23
J 3940 C1 com.sun.javafx.scene.control.skin.BehaviorSkinBase$1.handle(Ljavafx/scene/input/MouseEvent;)V (121 bytes) @ 0x0000000107c9c154 [0x0000000107c9bd20+0x434]
J 3939 C1 com.sun.javafx.scene.control.skin.BehaviorSkinBase$1.handle(Ljavafx/event/Event;)V (9 bytes) @ 0x0000000107b8826c [0x0000000107b88100+0x16c]
J 3558 C2 com.sun.javafx.event.EventHandlerManager.dispatchBubblingEvent(Ljavafx/event/Event;)Ljavafx/event/Event; (23 bytes) @ 0x00000001082b67e4 [0x00000001082b6440+0x3a4]
J 3844 C2 com.sun.javafx.event.CompositeEventDispatcher.dispatchBubblingEvent(Ljavafx/event/Event;)Ljavafx/event/Event; (35 bytes) @ 0x000000010793184c [0x00000001079317e0+0x6c]
J 3550 C2 com.sun.javafx.event.BasicEventDispatcher.dispatchEvent(Ljavafx/event/Event;Ljavafx/event/EventDispatchChain;)Ljavafx/event/Event; (44 bytes) @ 0x00000001082995b0 [0x0000000108299480+0x130]
J 3550 C2 com.sun.javafx.event.BasicEventDispatcher.dispatchEvent(Ljavafx/event/Event;Ljavafx/event/EventDispatchChain;)Ljavafx/event/Event; (44 bytes) @ 0x000000010829956c [0x0000000108299480+0xec]
J 3550 C2 com.sun.javafx.event.BasicEventDispatcher.dispatchEvent(Ljavafx/event/Event;Ljavafx/event/EventDispatchChain;)Ljavafx/event/Event; (44 bytes) @ 0x000000010829956c [0x0000000108299480+0xec]
J 3550 C2 com.sun.javafx.event.BasicEventDispatcher.dispatchEvent(Ljavafx/event/Event;Ljavafx/event/EventDispatchChain;)Ljavafx/event/Event; (44 bytes) @ 0x000000010829956c [0x0000000108299480+0xec]
J 3330 C2 com.sun.javafx.event.EventDispatchChainImpl.dispatchEvent(Ljavafx/event/Event;)Ljavafx/event/Event; (101 bytes) @ 0x0000000108197f18 [0x0000000108197e60+0xb8]
J 2609 C1 com.sun.javafx.event.EventUtil.fireEvent(Ljavafx/event/EventTarget;Ljavafx/event/Event;)Ljavafx/event/Event; (81 bytes) @ 0x0000000107f8f1ac [0x0000000107f8ea80+0x72c]
J 5159 C1 javafx.scene.Scene$MouseHandler.process(Ljavafx/scene/input/MouseEvent;Z)V (735 bytes) @ 0x0000000107ef0014 [0x0000000107eed560+0x2ab4]
J 3198 C1 javafx.scene.Scene$ScenePeerListener.mouseEvent(Ljavafx/event/EventType;DDDDLjavafx/scene/input/MouseButton;ZZZZZZZZZ)V (50 bytes) @ 0x000000010814a4b4 [0x000000010814a1e0+0x2d4]
J 5173 C1 com.sun.javafx.tk.quantum.GlassViewEventHandler$MouseEventNotification.run()Ljava/lang/Void; (567 bytes) @ 0x0000000107f35e74 [0x0000000107f350e0+0xd94]
J 4415 C2 com.sun.javafx.tk.quantum.GlassViewEventHandler$MouseEventNotification.run()Ljava/lang/Object; (5 bytes) @ 0x0000000107c83b94 [0x0000000107c83b60+0x34]
v  ~StubRoutines::call_stub
J 1850  java.security.AccessController.doPrivileged(Ljava/security/PrivilegedAction;Ljava/security/AccessControlContext;)Ljava/lang/Object; (0 bytes) @ 0x0000000107d72323 [0x0000000107d722c0+0x63]
J 3051 C1 com.sun.javafx.tk.quantum.GlassViewEventHandler$$Lambda$265.get()Ljava/lang/Object; (8 bytes) @ 0x00000001080d2be4 [0x00000001080d2a00+0x1e4]
J 4591 C1 com.sun.javafx.tk.quantum.QuantumToolkit.runWithoutRenderLock(Ljava/util/function/Supplier;)Ljava/lang/Object; (49 bytes) @ 0x0000000107d3a334 [0x0000000107d39e00+0x534]
J 3048 C1 com.sun.javafx.tk.quantum.GlassViewEventHandler.handleMouseEvent(Lcom/sun/glass/ui/View;JIIIIIIIZZ)V (108 bytes) @ 0x00000001080d3fa4 [0x00000001080d3b80+0x424]
J 5169 C1 com.sun.glass.ui.View.notifyMouse(IIIIIIIZZ)V (221 bytes) @ 0x0000000108037ff4 [0x0000000108036fa0+0x1054]
v  ~StubRoutines::call_stub

---------------  P R O C E S S  ---------------

Java Threads: ( => current thread )
  0x00007ffadda65000 JavaThread "Prism Font Disposer" daemon [_thread_blocked, id=51639, stack(0x0000700004c8d000,0x0000700004d8d000)]
  0x00007ffadc8c4000 JavaThread "Thread-5" daemon [_thread_blocked, id=80667, stack(0x0000700004b8a000,0x0000700004c8a000)]
  0x00007ffadd9f6800 JavaThread "JavaFX-Launcher" [_thread_blocked, id=81155, stack(0x0000700004a87000,0x0000700004b87000)]
  0x00007ffadc191800 JavaThread "Thread-3" daemon [_thread_in_vm, id=33027, stack(0x00007000048fe000,0x000070000497e000)]
=>0x00007ffadd97b800 JavaThread "JavaFX Application Thread" [_thread_in_native, id=775, stack(0x00007ffee9988000,0x00007ffeea188000)]
  0x00007ffadd979000 JavaThread "Thread-1" daemon [_thread_blocked, id=23299, stack(0x00007000047fb000,0x00007000048fb000)]
  0x00007ffadd893000 JavaThread "QuantumRenderer-0" daemon [_thread_blocked, id=17411, stack(0x00007000046f8000,0x00007000047f8000)]
  0x00007ffadd830800 JavaThread "Service Thread" daemon [_thread_blocked, id=17923, stack(0x00007000044f2000,0x00007000045f2000)]
  0x00007ffadd82d800 JavaThread "C1 CompilerThread2" daemon [_thread_blocked, id=14339, stack(0x00007000043ef000,0x00007000044ef000)]
  0x00007ffadd82d000 JavaThread "C2 CompilerThread1" daemon [_thread_blocked, id=14083, stack(0x00007000042ec000,0x00007000043ec000)]
  0x00007ffadd80e800 JavaThread "C2 CompilerThread0" daemon [_thread_blocked, id=18691, stack(0x00007000041e9000,0x00007000042e9000)]
  0x00007ffadd811800 JavaThread "Signal Dispatcher" daemon [_thread_blocked, id=18951, stack(0x00007000040e6000,0x00007000041e6000)]
  0x00007ffadc811000 JavaThread "Finalizer" daemon [_thread_blocked, id=12291, stack(0x0000700003fe3000,0x00007000040e3000)]
  0x00007ffadc80e000 JavaThread "Reference Handler" daemon [_thread_blocked, id=12035, stack(0x0000700003ee0000,0x0000700003fe0000)]
  0x00007ffadc809000 JavaThread "main" [_thread_blocked, id=10243, stack(0x00007000038ce000,0x00007000039ce000)]

Other Threads:
  0x00007ffadc003000 VMThread [stack: 0x0000700003ddd000,0x0000700003edd000] [id=11523]
  0x00007ffadd80d000 WatcherThread [stack: 0x00007000045f5000,0x00007000046f5000] [id=15107]

VM state:not at safepoint (normal execution)

VM Mutex/Monitor currently owned by a thread: None

Heap:
 PSYoungGen      total 71680K, used 36185K [0x000000076ab00000, 0x000000076ff00000, 0x00000007c0000000)
  eden space 58368K, 58% used [0x000000076ab00000,0x000000076cc6e628,0x000000076e400000)
  from space 13312K, 14% used [0x000000076f200000,0x000000076f3e8000,0x000000076ff00000)
  to   space 13824K, 0% used [0x000000076e400000,0x000000076e400000,0x000000076f180000)
 ParOldGen       total 175104K, used 9798K [0x00000006c0000000, 0x00000006cab00000, 0x000000076ab00000)
  object space 175104K, 5% used [0x00000006c0000000,0x00000006c0991850,0x00000006cab00000)
 Metaspace       used 18918K, capacity 20096K, committed 20224K, reserved 1067008K
  class space    used 2572K, capacity 2810K, committed 2816K, reserved 1048576K

Card table byte_map: [0x00000001167a7000,0x0000000116fa8000] byte_map_base: 0x00000001131a7000

Marking Bits: (ParMarkBitMap*) 0x00000001070f35d0
 Begin Bits: [0x00000001174fe000, 0x000000011b4fe000)
 End Bits:   [0x000000011b4fe000, 0x000000011f4fe000)

Polling page: 0x0000000105af4000

CodeCache: size=245760Kb used=14456Kb max_used=14517Kb free=231303Kb
 bounds [0x00000001077a7000, 0x0000000108637000, 0x00000001167a7000]
 total_blobs=4882 nmethods=4210 adapters=584
 compilation: enabled

Compilation events (10 events):
Event: 372.730 Thread 0x00007ffadd82d000 nmethod 5172 0x0000000107e11250 code [0x0000000107e113a0, 0x0000000107e11438]
Event: 372.730 Thread 0x00007ffadd80e800 nmethod 5171 0x0000000107f43fd0 code [0x0000000107f44120, 0x0000000107f44218]
Event: 372.737 Thread 0x00007ffadd82d800 5173   !   3       com.sun.javafx.tk.quantum.GlassViewEventHandler$MouseEventNotification::run (567 bytes)
Event: 372.739 Thread 0x00007ffadd82d800 nmethod 5173 0x0000000107f34e50 code [0x0000000107f350e0, 0x0000000107f36358]
Event: 373.436 Thread 0x00007ffadd82d000 5174       4       com.sun.javafx.geom.transform.Translate2D::inverseDeltaTransform (19 bytes)
Event: 373.437 Thread 0x00007ffadd82d000 nmethod 5174 0x0000000107a18310 code [0x0000000107a18460, 0x0000000107a18518]
Event: 373.889 Thread 0x00007ffadd82d800 5176       3       javafx.collections.ListChangeBuilder$SingleChange::getTo (12 bytes)
Event: 373.889 Thread 0x00007ffadd82d800 nmethod 5176 0x0000000108036650 code [0x00000001080367e0, 0x0000000108036ac8]
Event: 373.889 Thread 0x00007ffadd82d800 5175       1       javafx.collections.ListChangeListener$Change::getList (5 bytes)
Event: 373.889 Thread 0x00007ffadd82d800 nmethod 5175 0x0000000107f3ea50 code [0x0000000107f3eba0, 0x0000000107f3ecb0]

GC Heap History (10 events):
Event: 239.935 GC heap before
{Heap before GC invocations=6 (full 0):
 PSYoungGen      total 74240K, used 74021K [0x000000076ab00000, 0x000000076fd80000, 0x00000007c0000000)
  eden space 64000K, 100% used [0x000000076ab00000,0x000000076e980000,0x000000076e980000)
  from space 10240K, 97% used [0x000000076eb00000,0x000000076f4c9488,0x000000076f500000)
  to   space 8704K, 0% used [0x000000076f500000,0x000000076f500000,0x000000076fd80000)
 ParOldGen       total 175104K, used 56K [0x00000006c0000000, 0x00000006cab00000, 0x000000076ab00000)
  object space 175104K, 0% used [0x00000006c0000000,0x00000006c000e000,0x00000006cab00000)
 Metaspace       used 18837K, capacity 19964K, committed 20224K, reserved 1067008K
  class space    used 2572K, capacity 2810K, committed 2816K, reserved 1048576K
Event: 239.953 GC heap after
Heap after GC invocations=6 (full 0):
 PSYoungGen      total 71168K, used 8698K [0x000000076ab00000, 0x000000076fd80000, 0x00000007c0000000)
  eden space 62464K, 0% used [0x000000076ab00000,0x000000076ab00000,0x000000076e800000)
  from space 8704K, 99% used [0x000000076f500000,0x000000076fd7ea18,0x000000076fd80000)
  to   space 10752K, 0% used [0x000000076e880000,0x000000076e880000,0x000000076f300000)
 ParOldGen       total 175104K, used 1559K [0x00000006c0000000, 0x00000006cab00000, 0x000000076ab00000)
  object space 175104K, 0% used [0x00000006c0000000,0x00000006c0185e80,0x00000006cab00000)
 Metaspace       used 18837K, capacity 19964K, committed 20224K, reserved 1067008K
  class space    used 2572K, capacity 2810K, committed 2816K, reserved 1048576K
}
Event: 258.284 GC heap before
{Heap before GC invocations=7 (full 0):
 PSYoungGen      total 71168K, used 71162K [0x000000076ab00000, 0x000000076fd80000, 0x00000007c0000000)
  eden space 62464K, 100% used [0x000000076ab00000,0x000000076e800000,0x000000076e800000)
  from space 8704K, 99% used [0x000000076f500000,0x000000076fd7ea18,0x000000076fd80000)
  to   space 10752K, 0% used [0x000000076e880000,0x000000076e880000,0x000000076f300000)
 ParOldGen       total 175104K, used 1559K [0x00000006c0000000, 0x00000006cab00000, 0x000000076ab00000)
  object space 175104K, 0% used [0x00000006c0000000,0x00000006c0185e80,0x00000006cab00000)
 Metaspace       used 18846K, capacity 19964K, committed 20224K, reserved 1067008K
  class space    used 2572K, capacity 2810K, committed 2816K, reserved 1048576K
Event: 258.300 GC heap after
Heap after GC invocations=7 (full 0):
 PSYoungGen      total 65536K, used 3610K [0x000000076ab00000, 0x000000076fe00000, 0x00000007c0000000)
  eden space 61440K, 0% used [0x000000076ab00000,0x000000076ab00000,0x000000076e700000)
  from space 4096K, 88% used [0x000000076e880000,0x000000076ec069b8,0x000000076ec80000)
  to   space 11776K, 0% used [0x000000076f280000,0x000000076f280000,0x000000076fe00000)
 ParOldGen       total 175104K, used 8494K [0x00000006c0000000, 0x00000006cab00000, 0x000000076ab00000)
  object space 175104K, 4% used [0x00000006c0000000,0x00000006c084b818,0x00000006cab00000)
 Metaspace       used 18846K, capacity 19964K, committed 20224K, reserved 1067008K
  class space    used 2572K, capacity 2810K, committed 2816K, reserved 1048576K
}
Event: 288.112 GC heap before
{Heap before GC invocations=8 (full 0):
 PSYoungGen      total 65536K, used 65050K [0x000000076ab00000, 0x000000076fe00000, 0x00000007c0000000)
  eden space 61440K, 100% used [0x000000076ab00000,0x000000076e700000,0x000000076e700000)
  from space 4096K, 88% used [0x000000076e880000,0x000000076ec069b8,0x000000076ec80000)
  to   space 11776K, 0% used [0x000000076f280000,0x000000076f280000,0x000000076fe00000)
 ParOldGen       total 175104K, used 8494K [0x00000006c0000000, 0x00000006cab00000, 0x000000076ab00000)
  object space 175104K, 4% used [0x00000006c0000000,0x00000006c084b818,0x00000006cab00000)
 Metaspace       used 18869K, capacity 20032K, committed 20224K, reserved 1067008K
  class space    used 2572K, capacity 2810K, committed 2816K, reserved 1048576K
Event: 288.117 GC heap after
Heap after GC invocations=8 (full 0):
 PSYoungGen      total 72192K, used 2898K [0x000000076ab00000, 0x000000076ff00000, 0x00000007c0000000)
  eden space 60416K, 0% used [0x000000076ab00000,0x000000076ab00000,0x000000076e600000)
  from space 11776K, 24% used [0x000000076f280000,0x000000076f5549b8,0x000000076fe00000)
  to   space 12800K, 0% used [0x000000076e600000,0x000000076e600000,0x000000076f280000)
 ParOldGen       total 175104K, used 8558K [0x00000006c0000000, 0x00000006cab00000, 0x000000076ab00000)
  object space 175104K, 4% used [0x00000006c0000000,0x00000006c085b828,0x00000006cab00000)
 Metaspace       used 18869K, capacity 20032K, committed 20224K, reserved 1067008K
  class space    used 2572K, capacity 2810K, committed 2816K, reserved 1048576K
}
Event: 314.325 GC heap before
{Heap before GC invocations=9 (full 0):
 PSYoungGen      total 72192K, used 63314K [0x000000076ab00000, 0x000000076ff00000, 0x00000007c0000000)
  eden space 60416K, 100% used [0x000000076ab00000,0x000000076e600000,0x000000076e600000)
  from space 11776K, 24% used [0x000000076f280000,0x000000076f5549b8,0x000000076fe00000)
  to   space 12800K, 0% used [0x000000076e600000,0x000000076e600000,0x000000076f280000)
 ParOldGen       total 175104K, used 8558K [0x00000006c0000000, 0x00000006cab00000, 0x000000076ab00000)
  object space 175104K, 4% used [0x00000006c0000000,0x00000006c085b828,0x00000006cab00000)
 Metaspace       used 18892K, capacity 20032K, committed 20224K, reserved 1067008K
  class space    used 2572K, capacity 2810K, committed 2816K, reserved 1048576K
Event: 314.331 GC heap after
Heap after GC invocations=9 (full 0):
 PSYoungGen      total 62976K, used 3216K [0x000000076ab00000, 0x000000076ff00000, 0x00000007c0000000)
  eden space 59392K, 0% used [0x000000076ab00000,0x000000076ab00000,0x000000076e500000)
  from space 3584K, 89% used [0x000000076e600000,0x000000076e924010,0x000000076e980000)
  to   space 13312K, 0% used [0x000000076f200000,0x000000076f200000,0x000000076ff00000)
 ParOldGen       total 175104K, used 9144K [0x00000006c0000000, 0x00000006cab00000, 0x000000076ab00000)
  object space 175104K, 5% used [0x00000006c0000000,0x00000006c08ee1d0,0x00000006cab00000)
 Metaspace       used 18892K, capacity 20032K, committed 20224K, reserved 1067008K
  class space    used 2572K, capacity 2810K, committed 2816K, reserved 1048576K
}
Event: 347.197 GC heap before
{Heap before GC invocations=10 (full 0):
 PSYoungGen      total 62976K, used 62608K [0x000000076ab00000, 0x000000076ff00000, 0x00000007c0000000)
  eden space 59392K, 100% used [0x000000076ab00000,0x000000076e500000,0x000000076e500000)
  from space 3584K, 89% used [0x000000076e600000,0x000000076e924010,0x000000076e980000)
  to   space 13312K, 0% used [0x000000076f200000,0x000000076f200000,0x000000076ff00000)
 ParOldGen       total 175104K, used 9144K [0x00000006c0000000, 0x00000006cab00000, 0x000000076ab00000)
  object space 175104K, 5% used [0x00000006c0000000,0x00000006c08ee1d0,0x00000006cab00000)
 Metaspace       used 18899K, capacity 20032K, committed 20224K, reserved 1067008K
  class space    used 2572K, capacity 2810K, committed 2816K, reserved 1048576K
Event: 347.201 GC heap after
Heap after GC invocations=10 (full 0):
 PSYoungGen      total 71680K, used 1952K [0x000000076ab00000, 0x000000076ff00000, 0x00000007c0000000)
  eden space 58368K, 0% used [0x000000076ab00000,0x000000076ab00000,0x000000076e400000)
  from space 13312K, 14% used [0x000000076f200000,0x000000076f3e8000,0x000000076ff00000)
  to   space 13824K, 0% used [0x000000076e400000,0x000000076e400000,0x000000076f180000)
 ParOldGen       total 175104K, used 9798K [0x00000006c0000000, 0x00000006cab00000, 0x000000076ab00000)
  object space 175104K, 5% used [0x00000006c0000000,0x00000006c0991850,0x00000006cab00000)
 Metaspace       used 18899K, capacity 20032K, committed 20224K, reserved 1067008K
  class space    used 2572K, capacity 2810K, committed 2816K, reserved 1048576K
}

Deoptimization events (10 events):
Event: 366.245 Thread 0x00007ffadd893000 Uncommon trap: reason=class_check action=maybe_recompile pc=0x000000010819c80c method=com.sun.javafx.sg.prism.NGNode.computeDirtyRegion(Lcom/sun/javafx/geom/RectBounds;Lcom/sun/javafx/geom/transform/BaseTransform;Lcom/sun/javafx/geom/transform/GeneralTran
Event: 366.246 Thread 0x00007ffadd893000 Uncommon trap: reason=unstable_if action=reinterpret pc=0x00000001082af698 method=com.sun.javafx.sg.prism.NGNode.getEffect()Lcom/sun/scenario/effect/Effect; @ 4
Event: 366.246 Thread 0x00007ffadd893000 Uncommon trap: reason=unstable_if action=reinterpret pc=0x0000000107e270dc method=com.sun.javafx.sg.prism.NGNode.getRenderRoot(Lcom/sun/javafx/sg/prism/NodePath;Lcom/sun/javafx/geom/RectBounds;ILcom/sun/javafx/geom/transform/BaseTransform;Lcom/sun/javafx/
Event: 366.312 Thread 0x00007ffadd893000 Uncommon trap: reason=bimorphic action=maybe_recompile pc=0x0000000107d40964 method=com.sun.javafx.sg.prism.NGNode.getContentBounds(Lcom/sun/javafx/geom/BaseBounds;Lcom/sun/javafx/geom/transform/BaseTransform;)Lcom/sun/javafx/geom/BaseBounds; @ 17
Event: 366.312 Thread 0x00007ffadd893000 Uncommon trap: reason=class_check action=maybe_recompile pc=0x000000010819c80c method=com.sun.javafx.sg.prism.NGNode.computeDirtyRegion(Lcom/sun/javafx/geom/RectBounds;Lcom/sun/javafx/geom/transform/BaseTransform;Lcom/sun/javafx/geom/transform/GeneralTran
Event: 366.312 Thread 0x00007ffadd893000 Uncommon trap: reason=class_check action=maybe_recompile pc=0x000000010819c80c method=com.sun.javafx.sg.prism.NGNode.computeDirtyRegion(Lcom/sun/javafx/geom/RectBounds;Lcom/sun/javafx/geom/transform/BaseTransform;Lcom/sun/javafx/geom/transform/GeneralTran
Event: 366.312 Thread 0x00007ffadd893000 Uncommon trap: reason=unstable_if action=reinterpret pc=0x00000001082023d4 method=com.sun.javafx.sg.prism.NGNode.getEffect()Lcom/sun/scenario/effect/Effect; @ 4
Event: 366.866 Thread 0x00007ffadd97b800 Uncommon trap: reason=unstable_if action=reinterpret pc=0x0000000107cfab9c method=com.sun.javafx.tk.quantum.GestureRecognizers.synchWorkList()[Lcom/sun/javafx/tk/quantum/GestureRecognizer; @ 4
Event: 366.927 Thread 0x00007ffadd97b800 Uncommon trap: reason=unstable_if action=reinterpret pc=0x0000000108510358 method=com.sun.javafx.tk.quantum.GlassViewEventHandler$MouseEventNotification.run()Ljava/lang/Void; @ 235
Event: 366.927 Thread 0x00007ffadd97b800 Uncommon trap: reason=unstable_if action=reinterpret pc=0x00000001084654e4 method=javafx.scene.Scene$MouseHandler.handleEnterExit(Ljavafx/scene/input/MouseEvent;Ljavafx/scene/Scene$TargetWrapper;)V @ 18

Internal exceptions (10 events):
Event: 370.871 Thread 0x00007ffadd97b800 Exception <a 'java/io/FileNotFoundException'> (0x000000076ca3f250) thrown at [/Users/java_re/workspace/8-2-build-macosx-x86_64/jdk8u144/9417/hotspot/src/share/vm/prims/jni.cpp, line 709]
Event: 370.871 Thread 0x00007ffadd97b800 Exception <a 'java/io/FileNotFoundException'> (0x000000076ca46428) thrown at [/Users/java_re/workspace/8-2-build-macosx-x86_64/jdk8u144/9417/hotspot/src/share/vm/prims/jni.cpp, line 709]
Event: 370.872 Thread 0x00007ffadd97b800 Exception <a 'java/io/FileNotFoundException'> (0x000000076ca4d600) thrown at [/Users/java_re/workspace/8-2-build-macosx-x86_64/jdk8u144/9417/hotspot/src/share/vm/prims/jni.cpp, line 709]
Event: 370.872 Thread 0x00007ffadd97b800 Exception <a 'java/io/FileNotFoundException'> (0x000000076ca547d8) thrown at [/Users/java_re/workspace/8-2-build-macosx-x86_64/jdk8u144/9417/hotspot/src/share/vm/prims/jni.cpp, line 709]
Event: 370.872 Thread 0x00007ffadd97b800 Exception <a 'java/io/FileNotFoundException'> (0x000000076ca5b9b0) thrown at [/Users/java_re/workspace/8-2-build-macosx-x86_64/jdk8u144/9417/hotspot/src/share/vm/prims/jni.cpp, line 709]
Event: 370.872 Thread 0x00007ffadd97b800 Exception <a 'java/io/FileNotFoundException'> (0x000000076ca62b88) thrown at [/Users/java_re/workspace/8-2-build-macosx-x86_64/jdk8u144/9417/hotspot/src/share/vm/prims/jni.cpp, line 709]
Event: 370.872 Thread 0x00007ffadd97b800 Exception <a 'java/io/FileNotFoundException'> (0x000000076ca69d60) thrown at [/Users/java_re/workspace/8-2-build-macosx-x86_64/jdk8u144/9417/hotspot/src/share/vm/prims/jni.cpp, line 709]
Event: 370.872 Thread 0x00007ffadd97b800 Exception <a 'java/io/FileNotFoundException'> (0x000000076ca70f38) thrown at [/Users/java_re/workspace/8-2-build-macosx-x86_64/jdk8u144/9417/hotspot/src/share/vm/prims/jni.cpp, line 709]
Event: 370.872 Thread 0x00007ffadd97b800 Exception <a 'java/io/FileNotFoundException'> (0x000000076ca78110) thrown at [/Users/java_re/workspace/8-2-build-macosx-x86_64/jdk8u144/9417/hotspot/src/share/vm/prims/jni.cpp, line 709]
Event: 370.872 Thread 0x00007ffadd97b800 Exception <a 'java/io/FileNotFoundException'> (0x000000076ca7f2e8) thrown at [/Users/java_re/workspace/8-2-build-macosx-x86_64/jdk8u144/9417/hotspot/src/share/vm/prims/jni.cpp, line 709]

Events (10 events):
Event: 371.847 Thread 0x00007ffadd82d800 flushing nmethod 0x0000000107c81f10
Event: 372.254 Thread 0x00007ffadd82d800 flushing nmethod 0x0000000107f3e8d0
Event: 372.254 Thread 0x00007ffadd82d800 flushing nmethod 0x0000000107f43fd0
Event: 372.254 Thread 0x00007ffadd82d800 flushing nmethod 0x0000000107f482d0
Event: 372.254 Thread 0x00007ffadd82d800 flushing nmethod 0x0000000107f74210
Event: 372.288 Thread 0x00007ffadd82d000 flushing nmethod 0x0000000107fe66d0
Event: 372.367 Thread 0x00007ffadd82d800 flushing nmethod 0x00000001080c7990
Event: 372.368 Thread 0x00007ffadd82d800 flushing nmethod 0x00000001081b06d0
Event: 372.370 Thread 0x00007ffadd82d800 flushing nmethod 0x0000000108358550
Event: 372.384 Thread 0x00007ffadd82d800 flushing nmethod 0x00000001085d39d0


Dynamic libraries:
0x000000002baf0000 	/System/Library/Frameworks/Cocoa.framework/Versions/A/Cocoa
0x000000002baf0000 	/System/Library/Frameworks/Security.framework/Versions/A/Security
0x000000002baf0000 	/System/Library/Frameworks/ApplicationServices.framework/Versions/A/ApplicationServices
0x000000002baf0000 	/usr/lib/libz.1.dylib
0x000000002baf0000 	/usr/lib/libSystem.B.dylib
0x000000002baf0000 	/usr/lib/libobjc.A.dylib
0x000000002baf0000 	/System/Library/Frameworks/CoreFoundation.framework/Versions/A/CoreFoundation
0x000000002baf0000 	/System/Library/Frameworks/Foundation.framework/Versions/C/Foundation
0x000000002baf0000 	/System/Library/Frameworks/AppKit.framework/Versions/C/AppKit
0x000000002baf0000 	/System/Library/Frameworks/CoreData.framework/Versions/A/CoreData
0x000000002baf0000 	/System/Library/PrivateFrameworks/RemoteViewServices.framework/Versions/A/RemoteViewServices
0x000000002baf0000 	/System/Library/PrivateFrameworks/UIFoundation.framework/Versions/A/UIFoundation
0x000000002baf0000 	/System/Library/PrivateFrameworks/DFRFoundation.framework/Versions/A/DFRFoundation
0x000000002baf0000 	/System/Library/Frameworks/Metal.framework/Versions/A/Metal
0x000000002baf0000 	/System/Library/PrivateFrameworks/DesktopServicesPriv.framework/Versions/A/DesktopServicesPriv
0x000000002baf0000 	/usr/lib/libenergytrace.dylib
0x000000002baf0000 	/System/Library/PrivateFrameworks/SkyLight.framework/Versions/A/SkyLight
0x000000002baf0000 	/System/Library/Frameworks/CoreGraphics.framework/Versions/A/CoreGraphics
0x000000002baf0000 	/usr/lib/libScreenReader.dylib
0x000000002baf0000 	/System/Library/Frameworks/Accelerate.framework/Versions/A/Accelerate
0x000000002baf0000 	/System/Library/Frameworks/IOSurface.framework/Versions/A/IOSurface
0x000000002baf0000 	/System/Library/Frameworks/AudioToolbox.framework/Versions/A/AudioToolbox
0x000000002baf0000 	/System/Library/Frameworks/AudioUnit.framework/Versions/A/AudioUnit
0x000000002baf0000 	/System/Library/PrivateFrameworks/DataDetectorsCore.framework/Versions/A/DataDetectorsCore
0x000000002baf0000 	/System/Library/Frameworks/Carbon.framework/Versions/A/Frameworks/HIToolbox.framework/Versions/A/HIToolbox
0x000000002baf0000 	/usr/lib/libicucore.A.dylib
0x000000002baf0000 	/System/Library/Frameworks/QuartzCore.framework/Versions/A/QuartzCore
0x000000002baf0000 	/System/Library/PrivateFrameworks/SignpostNotification.framework/Versions/A/SignpostNotification
0x000000002baf0000 	/System/Library/Frameworks/Carbon.framework/Versions/A/Frameworks/SpeechRecognition.framework/Versions/A/SpeechRecognition
0x000000002baf0000 	/usr/lib/libauto.dylib
0x000000002baf0000 	/usr/lib/libxml2.2.dylib
0x000000002baf0000 	/System/Library/PrivateFrameworks/CoreUI.framework/Versions/A/CoreUI
0x000000002baf0000 	/System/Library/Frameworks/CoreAudio.framework/Versions/A/CoreAudio
0x000000002baf0000 	/System/Library/Frameworks/DiskArbitration.framework/Versions/A/DiskArbitration
0x000000002baf0000 	/usr/lib/liblangid.dylib
0x000000002baf0000 	/System/Library/PrivateFrameworks/MultitouchSupport.framework/Versions/A/MultitouchSupport
0x000000002baf0000 	/System/Library/Frameworks/IOKit.framework/Versions/A/IOKit
0x000000002baf0000 	/usr/lib/libDiagnosticMessagesClient.dylib
0x000000002baf0000 	/System/Library/Frameworks/CoreServices.framework/Versions/A/CoreServices
0x000000002baf0000 	/System/Library/PrivateFrameworks/PerformanceAnalysis.framework/Versions/A/PerformanceAnalysis
0x000000002baf0000 	/System/Library/Frameworks/OpenGL.framework/Versions/A/OpenGL
0x000000002baf0000 	/System/Library/Frameworks/ColorSync.framework/Versions/A/ColorSync
0x000000002baf0000 	/System/Library/Frameworks/CoreImage.framework/Versions/A/CoreImage
0x000000002baf0000 	/System/Library/Frameworks/CoreText.framework/Versions/A/CoreText
0x000000002baf0000 	/System/Library/Frameworks/ImageIO.framework/Versions/A/ImageIO
0x000000002baf0000 	/System/Library/PrivateFrameworks/Backup.framework/Versions/A/Backup
0x000000002baf0000 	/usr/lib/libarchive.2.dylib
0x000000002baf0000 	/System/Library/Frameworks/CFNetwork.framework/Versions/A/CFNetwork
0x000000002baf0000 	/System/Library/Frameworks/SystemConfiguration.framework/Versions/A/SystemConfiguration
0x000000002baf0000 	/usr/lib/libCRFSuite.dylib
0x000000002baf0000 	/usr/lib/libc++.1.dylib
0x000000002baf0000 	/usr/lib/libc++abi.dylib
0x000000002baf0000 	/usr/lib/system/libcache.dylib
0x000000002baf0000 	/usr/lib/system/libcommonCrypto.dylib
0x000000002baf0000 	/usr/lib/system/libcompiler_rt.dylib
0x000000002baf0000 	/usr/lib/system/libcopyfile.dylib
0x000000002baf0000 	/usr/lib/system/libcorecrypto.dylib
0x000000002baf0000 	/usr/lib/system/libdispatch.dylib
0x000000002baf0000 	/usr/lib/system/libdyld.dylib
0x000000002baf0000 	/usr/lib/system/libkeymgr.dylib
0x000000002baf0000 	/usr/lib/system/liblaunch.dylib
0x000000002baf0000 	/usr/lib/system/libmacho.dylib
0x000000002baf0000 	/usr/lib/system/libquarantine.dylib
0x000000002baf0000 	/usr/lib/system/libremovefile.dylib
0x000000002baf0000 	/usr/lib/system/libsystem_asl.dylib
0x000000002baf0000 	/usr/lib/system/libsystem_blocks.dylib
0x000000002baf0000 	/usr/lib/system/libsystem_c.dylib
0x000000002baf0000 	/usr/lib/system/libsystem_configuration.dylib
0x000000002baf0000 	/usr/lib/system/libsystem_coreservices.dylib
0x000000002baf0000 	/usr/lib/system/libsystem_darwin.dylib
0x000000002baf0000 	/usr/lib/system/libsystem_dnssd.dylib
0x000000002baf0000 	/usr/lib/system/libsystem_info.dylib
0x000000002baf0000 	/usr/lib/system/libsystem_m.dylib
0x000000002baf0000 	/usr/lib/system/libsystem_malloc.dylib
0x000000002baf0000 	/usr/lib/system/libsystem_network.dylib
0x000000002baf0000 	/usr/lib/system/libsystem_networkextension.dylib
0x000000002baf0000 	/usr/lib/system/libsystem_notify.dylib
0x000000002baf0000 	/usr/lib/system/libsystem_sandbox.dylib
0x000000002baf0000 	/usr/lib/system/libsystem_secinit.dylib
0x000000002baf0000 	/usr/lib/system/libsystem_kernel.dylib
0x000000002baf0000 	/usr/lib/system/libsystem_platform.dylib
0x000000002baf0000 	/usr/lib/system/libsystem_pthread.dylib
0x000000002baf0000 	/usr/lib/system/libsystem_symptoms.dylib
0x000000002baf0000 	/usr/lib/system/libsystem_trace.dylib
0x000000002baf0000 	/usr/lib/system/libunwind.dylib
0x000000002baf0000 	/usr/lib/system/libxpc.dylib
0x000000002baf0000 	/usr/lib/closure/libclosured.dylib
0x000000002baf0000 	/usr/lib/libbsm.0.dylib
0x000000002baf0000 	/usr/lib/system/libkxld.dylib
0x000000002baf0000 	/usr/lib/libOpenScriptingUtil.dylib
0x000000002baf0000 	/usr/lib/libcoretls.dylib
0x000000002baf0000 	/usr/lib/libcoretls_cfhelpers.dylib
0x000000002baf0000 	/usr/lib/libpam.2.dylib
0x000000002baf0000 	/usr/lib/libsqlite3.dylib
0x000000002baf0000 	/usr/lib/libxar.1.dylib
0x000000002baf0000 	/usr/lib/libbz2.1.0.dylib
0x000000002baf0000 	/usr/lib/liblzma.5.dylib
0x000000002baf0000 	/usr/lib/libnetwork.dylib
0x000000002baf0000 	/usr/lib/libapple_nghttp2.dylib
0x000000002baf0000 	/usr/lib/libpcap.A.dylib
0x000000002baf0000 	/usr/lib/libboringssl.dylib
0x000000002baf0000 	/usr/lib/libusrtcp.dylib
0x000000002baf0000 	/usr/lib/libapple_crypto.dylib
0x000000002baf0000 	/System/Library/Frameworks/CoreServices.framework/Versions/A/Frameworks/FSEvents.framework/Versions/A/FSEvents
0x000000002baf0000 	/System/Library/Frameworks/CoreServices.framework/Versions/A/Frameworks/CarbonCore.framework/Versions/A/CarbonCore
0x000000002baf0000 	/System/Library/Frameworks/CoreServices.framework/Versions/A/Frameworks/Metadata.framework/Versions/A/Metadata
0x000000002baf0000 	/System/Library/Frameworks/CoreServices.framework/Versions/A/Frameworks/OSServices.framework/Versions/A/OSServices
0x000000002baf0000 	/System/Library/Frameworks/CoreServices.framework/Versions/A/Frameworks/SearchKit.framework/Versions/A/SearchKit
0x000000002baf0000 	/System/Library/Frameworks/CoreServices.framework/Versions/A/Frameworks/AE.framework/Versions/A/AE
0x000000002baf0000 	/System/Library/Frameworks/CoreServices.framework/Versions/A/Frameworks/LaunchServices.framework/Versions/A/LaunchServices
0x000000002baf0000 	/System/Library/Frameworks/CoreServices.framework/Versions/A/Frameworks/DictionaryServices.framework/Versions/A/DictionaryServices
0x000000002baf0000 	/System/Library/Frameworks/CoreServices.framework/Versions/A/Frameworks/SharedFileList.framework/Versions/A/SharedFileList
0x000000002baf0000 	/System/Library/Frameworks/NetFS.framework/Versions/A/NetFS
0x000000002baf0000 	/System/Library/PrivateFrameworks/NetAuth.framework/Versions/A/NetAuth
0x000000002baf0000 	/System/Library/PrivateFrameworks/login.framework/Versions/A/Frameworks/loginsupport.framework/Versions/A/loginsupport
0x000000002baf0000 	/System/Library/PrivateFrameworks/TCC.framework/Versions/A/TCC
0x000000002baf0000 	/usr/lib/libmecabra.dylib
0x000000002baf0000 	/System/Library/Frameworks/ApplicationServices.framework/Versions/A/Frameworks/ATS.framework/Versions/A/ATS
0x000000002baf0000 	/System/Library/Frameworks/ApplicationServices.framework/Versions/A/Frameworks/ColorSyncLegacy.framework/Versions/A/ColorSyncLegacy
0x000000002baf0000 	/System/Library/Frameworks/ApplicationServices.framework/Versions/A/Frameworks/HIServices.framework/Versions/A/HIServices
0x000000002baf0000 	/System/Library/Frameworks/ApplicationServices.framework/Versions/A/Frameworks/LangAnalysis.framework/Versions/A/LangAnalysis
0x000000002baf0000 	/System/Library/Frameworks/ApplicationServices.framework/Versions/A/Frameworks/PrintCore.framework/Versions/A/PrintCore
0x000000002baf0000 	/System/Library/Frameworks/ApplicationServices.framework/Versions/A/Frameworks/QD.framework/Versions/A/QD
0x000000002baf0000 	/System/Library/Frameworks/ApplicationServices.framework/Versions/A/Frameworks/SpeechSynthesis.framework/Versions/A/SpeechSynthesis
0x000000002baf0000 	/System/Library/Frameworks/CoreDisplay.framework/Versions/A/CoreDisplay
0x000000002baf0000 	/System/Library/Frameworks/Accelerate.framework/Versions/A/Frameworks/vImage.framework/Versions/A/vImage
0x000000002baf0000 	/System/Library/Frameworks/Accelerate.framework/Versions/A/Frameworks/vecLib.framework/Versions/A/vecLib
0x000000002baf0000 	/System/Library/Frameworks/Accelerate.framework/Versions/A/Frameworks/vecLib.framework/Versions/A/libvDSP.dylib
0x000000002baf0000 	/System/Library/Frameworks/Accelerate.framework/Versions/A/Frameworks/vecLib.framework/Versions/A/libBNNS.dylib
0x000000002baf0000 	/System/Library/Frameworks/Accelerate.framework/Versions/A/Frameworks/vecLib.framework/Versions/A/libQuadrature.dylib
0x000000002baf0000 	/System/Library/Frameworks/Accelerate.framework/Versions/A/Frameworks/vecLib.framework/Versions/A/libvMisc.dylib
0x000000002baf0000 	/System/Library/Frameworks/Accelerate.framework/Versions/A/Frameworks/vecLib.framework/Versions/A/libLAPACK.dylib
0x000000002baf0000 	/System/Library/Frameworks/Accelerate.framework/Versions/A/Frameworks/vecLib.framework/Versions/A/libBLAS.dylib
0x000000002baf0000 	/System/Library/Frameworks/Accelerate.framework/Versions/A/Frameworks/vecLib.framework/Versions/A/libLinearAlgebra.dylib
0x000000002baf0000 	/System/Library/Frameworks/Accelerate.framework/Versions/A/Frameworks/vecLib.framework/Versions/A/libSparse.dylib
0x000000002baf0000 	/System/Library/Frameworks/Accelerate.framework/Versions/A/Frameworks/vecLib.framework/Versions/A/libSparseBLAS.dylib
0x000000002baf0000 	/System/Library/PrivateFrameworks/GPUWrangler.framework/Versions/A/GPUWrangler
0x000000002baf0000 	/System/Library/PrivateFrameworks/IOAccelerator.framework/Versions/A/IOAccelerator
0x000000002baf0000 	/System/Library/PrivateFrameworks/IOPresentment.framework/Versions/A/IOPresentment
0x000000002baf0000 	/System/Library/PrivateFrameworks/DSExternalDisplay.framework/Versions/A/DSExternalDisplay
0x000000002baf0000 	/System/Library/Frameworks/OpenGL.framework/Versions/A/Libraries/libCoreFSCache.dylib
0x000000002baf0000 	/System/Library/Frameworks/CoreVideo.framework/Versions/A/CoreVideo
0x000000002baf0000 	/System/Library/PrivateFrameworks/GraphVisualizer.framework/Versions/A/GraphVisualizer
0x000000002baf0000 	/System/Library/Frameworks/MetalPerformanceShaders.framework/Versions/A/MetalPerformanceShaders
0x000000002baf0000 	/usr/lib/libFosl_dynamic.dylib
0x000000002baf0000 	/System/Library/PrivateFrameworks/FaceCore.framework/Versions/A/FaceCore
0x000000002baf0000 	/System/Library/Frameworks/OpenCL.framework/Versions/A/OpenCL
0x000000002baf0000 	/usr/lib/libcompression.dylib
0x000000002baf0000 	/System/Library/Frameworks/ApplicationServices.framework/Versions/A/Frameworks/ATS.framework/Versions/A/Resources/libFontParser.dylib
0x000000002baf0000 	/System/Library/Frameworks/ApplicationServices.framework/Versions/A/Frameworks/ATS.framework/Versions/A/Resources/libFontRegistry.dylib
0x000000002baf0000 	/System/Library/Frameworks/ImageIO.framework/Versions/A/Resources/libJPEG.dylib
0x000000002baf0000 	/System/Library/Frameworks/ImageIO.framework/Versions/A/Resources/libTIFF.dylib
0x000000002baf0000 	/System/Library/Frameworks/ImageIO.framework/Versions/A/Resources/libPng.dylib
0x000000002baf0000 	/System/Library/Frameworks/ImageIO.framework/Versions/A/Resources/libGIF.dylib
0x000000002baf0000 	/System/Library/Frameworks/ImageIO.framework/Versions/A/Resources/libJP2.dylib
0x000000002baf0000 	/System/Library/Frameworks/ImageIO.framework/Versions/A/Resources/libRadiance.dylib
0x000000002baf0000 	/System/Library/PrivateFrameworks/AppleJPEG.framework/Versions/A/AppleJPEG
0x000000002baf0000 	/System/Library/Frameworks/MetalPerformanceShaders.framework/Frameworks/MPSCore.framework/Versions/A/MPSCore
0x000000002baf0000 	/System/Library/Frameworks/MetalPerformanceShaders.framework/Frameworks/MPSImage.framework/Versions/A/MPSImage
0x000000002baf0000 	/System/Library/Frameworks/MetalPerformanceShaders.framework/Frameworks/MPSNeuralNetwork.framework/Versions/A/MPSNeuralNetwork
0x000000002baf0000 	/System/Library/Frameworks/MetalPerformanceShaders.framework/Frameworks/MPSMatrix.framework/Versions/A/MPSMatrix
0x000000002baf0000 	/System/Library/PrivateFrameworks/MetalTools.framework/Versions/A/MetalTools
0x000000002baf0000 	/System/Library/Frameworks/OpenGL.framework/Versions/A/Libraries/libGLU.dylib
0x000000002baf0000 	/System/Library/Frameworks/OpenGL.framework/Versions/A/Libraries/libGFXShared.dylib
0x000000002baf0000 	/System/Library/Frameworks/OpenGL.framework/Versions/A/Libraries/libGL.dylib
0x000000002baf0000 	/System/Library/Frameworks/OpenGL.framework/Versions/A/Libraries/libGLImage.dylib
0x000000002baf0000 	/System/Library/Frameworks/OpenGL.framework/Versions/A/Libraries/libCVMSPluginSupport.dylib
0x000000002baf0000 	/System/Library/Frameworks/OpenGL.framework/Versions/A/Libraries/libCoreVMClient.dylib
0x000000002baf0000 	/usr/lib/libcups.2.dylib
0x000000002baf0000 	/System/Library/Frameworks/Kerberos.framework/Versions/A/Kerberos
0x000000002baf0000 	/System/Library/Frameworks/GSS.framework/Versions/A/GSS
0x000000002baf0000 	/usr/lib/libresolv.9.dylib
0x000000002baf0000 	/usr/lib/libiconv.2.dylib
0x000000002baf0000 	/System/Library/PrivateFrameworks/Heimdal.framework/Versions/A/Heimdal
0x000000002baf0000 	/usr/lib/libheimdal-asn1.dylib
0x000000002baf0000 	/System/Library/Frameworks/OpenDirectory.framework/Versions/A/OpenDirectory
0x000000002baf0000 	/System/Library/PrivateFrameworks/CommonAuth.framework/Versions/A/CommonAuth
0x000000002baf0000 	/System/Library/Frameworks/OpenDirectory.framework/Versions/A/Frameworks/CFOpenDirectory.framework/Versions/A/CFOpenDirectory
0x000000002baf0000 	/System/Library/Frameworks/SecurityFoundation.framework/Versions/A/SecurityFoundation
0x000000002baf0000 	/System/Library/PrivateFrameworks/APFS.framework/Versions/A/APFS
0x000000002baf0000 	/usr/lib/libutil.dylib
0x000000002baf0000 	/System/Library/PrivateFrameworks/AppleSauce.framework/Versions/A/AppleSauce
0x000000002baf0000 	/System/Library/PrivateFrameworks/LinguisticData.framework/Versions/A/LinguisticData
0x000000002baf0000 	/usr/lib/libmarisa.dylib
0x000000002baf0000 	/System/Library/PrivateFrameworks/Lexicon.framework/Versions/A/Lexicon
0x000000002baf0000 	/usr/lib/libChineseTokenizer.dylib
0x000000002baf0000 	/usr/lib/libcmph.dylib
0x000000002baf0000 	/System/Library/PrivateFrameworks/LanguageModeling.framework/Versions/A/LanguageModeling
0x000000002baf0000 	/System/Library/PrivateFrameworks/CoreEmoji.framework/Versions/A/CoreEmoji
0x000000002baf0000 	/System/Library/Frameworks/ServiceManagement.framework/Versions/A/ServiceManagement
0x000000002baf0000 	/System/Library/PrivateFrameworks/BackgroundTaskManagement.framework/Versions/A/BackgroundTaskManagement
0x000000002baf0000 	/usr/lib/libxslt.1.dylib
0x000000002baf0000 	/System/Library/Frameworks/Carbon.framework/Versions/A/Frameworks/Ink.framework/Versions/A/Ink
0x000000002baf0000 	/System/Library/PrivateFrameworks/TextureIO.framework/Versions/A/TextureIO
0x000000002baf0000 	/usr/lib/libate.dylib
0x000000002baf0000 	/System/Library/PrivateFrameworks/CrashReporterSupport.framework/Versions/A/CrashReporterSupport
0x000000002baf0000 	/System/Library/PrivateFrameworks/Sharing.framework/Versions/A/Sharing
0x000000002baf0000 	/System/Library/PrivateFrameworks/IconServices.framework/Versions/A/IconServices
0x000000002baf0000 	/System/Library/PrivateFrameworks/AuthKit.framework/Versions/A/AuthKit
0x000000002baf0000 	/System/Library/PrivateFrameworks/Apple80211.framework/Versions/A/Apple80211
0x000000002baf0000 	/System/Library/PrivateFrameworks/CoreUtils.framework/Versions/A/CoreUtils
0x000000002baf0000 	/System/Library/Frameworks/CoreWLAN.framework/Versions/A/CoreWLAN
0x000000002baf0000 	/System/Library/Frameworks/IOBluetooth.framework/Versions/A/IOBluetooth
0x000000002baf0000 	/System/Library/PrivateFrameworks/ProtocolBuffer.framework/Versions/A/ProtocolBuffer
0x000000002baf0000 	/System/Library/PrivateFrameworks/MobileKeyBag.framework/Versions/A/MobileKeyBag
0x000000002baf0000 	/System/Library/PrivateFrameworks/CorePhoneNumbers.framework/Versions/A/CorePhoneNumbers
0x000000002baf0000 	/System/Library/PrivateFrameworks/AppleIDAuthSupport.framework/Versions/A/AppleIDAuthSupport
0x000000002baf0000 	/System/Library/PrivateFrameworks/KeychainCircle.framework/Versions/A/KeychainCircle
0x000000002baf0000 	/System/Library/PrivateFrameworks/CoreWiFi.framework/Versions/A/CoreWiFi
0x000000002baf0000 	/System/Library/Frameworks/CoreBluetooth.framework/Versions/A/CoreBluetooth
0x000000002baf0000 	/System/Library/PrivateFrameworks/DebugSymbols.framework/Versions/A/DebugSymbols
0x000000002baf0000 	/System/Library/PrivateFrameworks/CoreSymbolication.framework/Versions/A/CoreSymbolication
0x000000002baf0000 	/System/Library/PrivateFrameworks/Symbolication.framework/Versions/A/Symbolication
0x000000002baf0000 	/System/Library/PrivateFrameworks/AppleFSCompression.framework/Versions/A/AppleFSCompression
0x000000002baf0000 	/System/Library/PrivateFrameworks/SpeechRecognitionCore.framework/Versions/A/SpeechRecognitionCore
0x0000000106800000 	/Library/Java/JavaVirtualMachines/jdk1.8.0_144.jdk/Contents/Home/jre/lib/server/libjvm.dylib
0x000000002baf0000 	/usr/lib/libstdc++.6.0.9.dylib
0x0000000105ab1000 	/Library/Java/JavaVirtualMachines/jdk1.8.0_144.jdk/Contents/Home/jre/lib/libverify.dylib
0x0000000105abf000 	/Library/Java/JavaVirtualMachines/jdk1.8.0_144.jdk/Contents/Home/jre/lib/libjava.dylib
0x0000000105b3e000 	/Library/Java/JavaVirtualMachines/jdk1.8.0_144.jdk/Contents/Home/jre/lib/libzip.dylib
0x000000002baf0000 	/System/Library/Frameworks/JavaVM.framework/Versions/A/Frameworks/JavaRuntimeSupport.framework/Versions/A/JavaRuntimeSupport
0x000000002baf0000 	/System/Library/Frameworks/JavaVM.framework/Versions/A/Frameworks/JavaNativeFoundation.framework/Versions/A/JavaNativeFoundation
0x000000002baf0000 	/System/Library/Frameworks/JavaVM.framework/Versions/A/JavaVM
0x000000002baf0000 	/System/Library/Frameworks/Carbon.framework/Versions/A/Carbon
0x000000002baf0000 	/System/Library/PrivateFrameworks/JavaLaunching.framework/Versions/A/JavaLaunching
0x000000002baf0000 	/System/Library/Frameworks/Carbon.framework/Versions/A/Frameworks/CommonPanels.framework/Versions/A/CommonPanels
0x000000002baf0000 	/System/Library/Frameworks/Carbon.framework/Versions/A/Frameworks/Help.framework/Versions/A/Help
0x000000002baf0000 	/System/Library/Frameworks/Carbon.framework/Versions/A/Frameworks/ImageCapture.framework/Versions/A/ImageCapture
0x000000002baf0000 	/System/Library/Frameworks/Carbon.framework/Versions/A/Frameworks/OpenScripting.framework/Versions/A/OpenScripting
0x000000002baf0000 	/System/Library/Frameworks/Carbon.framework/Versions/A/Frameworks/Print.framework/Versions/A/Print
0x000000002baf0000 	/System/Library/Frameworks/Carbon.framework/Versions/A/Frameworks/SecurityHI.framework/Versions/A/SecurityHI
0x000000012324e000 	/Library/Java/JavaVirtualMachines/jdk1.8.0_144.jdk/Contents/Home/jre/lib/libprism_es2.dylib
0x000000002baf0000 	/System/Library/PrivateFrameworks/CoreServicesInternal.framework/Versions/A/CoreServicesInternal
0x000000002baf0000 	/System/Library/Frameworks/OpenGL.framework/Versions/A/Resources/GLEngine.bundle/GLEngine
0x000000002baf0000 	/System/Library/Frameworks/OpenGL.framework/Versions/A/Libraries/libGLProgrammability.dylib
0x00000001232f5000 	/System/Library/Extensions/AppleIntelKBLGraphicsGLDriver.bundle/Contents/MacOS/AppleIntelKBLGraphicsGLDriver
0x000000002baf0000 	/System/Library/PrivateFrameworks/GPUSupport.framework/Versions/A/Libraries/libGPUSupportMercury.dylib
0x000000002baf0000 	/System/Library/Frameworks/OpenGL.framework/Versions/A/Resources/GLRendererFloat.bundle/GLRendererFloat
0x000000002baf0000 	/System/Library/Frameworks/OpenCL.framework/Versions/A/Libraries/libcldcpuengine.dylib
0x000000002baf0000 	/usr/lib/libcrypto.35.dylib
0x000000002baf0000 	/System/Library/PrivateFrameworks/TrustEvaluationAgent.framework/Versions/A/TrustEvaluationAgent
0x00000001248e0000 	/Library/Java/JavaVirtualMachines/jdk1.8.0_144.jdk/Contents/Home/jre/lib/libglass.dylib
0x000000002baf0000 	/System/Library/CoreServices/RawCamera.bundle/Contents/MacOS/RawCamera
0x000000002baf0000 	/System/Library/PrivateFrameworks/MobileAsset.framework/Versions/A/MobileAsset
0x000000002baf0000 	/System/Library/PrivateFrameworks/StreamingZip.framework/Versions/A/StreamingZip
0x000000002baf0000 	/System/Library/Frameworks/MediaToolbox.framework/Versions/A/MediaToolbox
0x000000002baf0000 	/System/Library/PrivateFrameworks/CoreAVCHD.framework/Versions/A/CoreAVCHD
0x000000002baf0000 	/System/Library/Frameworks/MediaAccessibility.framework/Versions/A/MediaAccessibility
0x000000002baf0000 	/System/Library/PrivateFrameworks/Mangrove.framework/Versions/A/Mangrove
0x000000002baf0000 	/System/Library/Frameworks/CoreMedia.framework/Versions/A/CoreMedia
0x000000002baf0000 	/System/Library/Frameworks/VideoToolbox.framework/Versions/A/VideoToolbox
0x000000002baf0000 	/System/Library/PrivateFrameworks/CoreAUC.framework/Versions/A/CoreAUC
0x000000002baf0000 	/usr/lib/libspindump.dylib
0x000000002baf0000 	/System/Library/PrivateFrameworks/AppleVA.framework/Versions/A/AppleVA
0x000000002baf0000 	/System/Library/Frameworks/Accelerate.framework/Versions/A/Frameworks/vImage.framework/Versions/A/Libraries/libCGInterfaces.dylib
0x000000002baf0000 	/System/Library/PrivateFrameworks/FamilyControls.framework/Versions/A/FamilyControls
0x000000002baf0000 	/System/Library/PrivateFrameworks/CommerceKit.framework/Versions/A/Frameworks/CommerceCore.framework/Versions/A/CommerceCore
0x000000002baf0000 	/System/Library/PrivateFrameworks/SystemAdministration.framework/Versions/A/SystemAdministration
0x000000002baf0000 	/System/Library/PrivateFrameworks/AppContainer.framework/Versions/A/AppContainer
0x000000002baf0000 	/System/Library/PrivateFrameworks/SecCodeWrapper.framework/Versions/A/SecCodeWrapper
0x000000002baf0000 	/System/Library/PrivateFrameworks/DiskManagement.framework/Versions/A/DiskManagement
0x000000002baf0000 	/System/Library/Frameworks/DirectoryService.framework/Versions/A/DirectoryService
0x000000002baf0000 	/System/Library/PrivateFrameworks/DiskImages.framework/Versions/A/DiskImages
0x000000002baf0000 	/System/Library/PrivateFrameworks/LoginUIKit.framework/Versions/A/Frameworks/LoginUICore.framework/Versions/A/LoginUICore
0x000000002baf0000 	/usr/lib/libCoreStorage.dylib
0x000000002baf0000 	/usr/lib/libcsfde.dylib
0x000000002baf0000 	/usr/lib/libodfde.dylib
0x000000002baf0000 	/System/Library/PrivateFrameworks/MediaKit.framework/Versions/A/MediaKit
0x000000002baf0000 	/System/Library/Frameworks/DiscRecording.framework/Versions/A/DiscRecording
0x000000002baf0000 	/System/Library/PrivateFrameworks/EFILogin.framework/Versions/A/EFILogin
0x000000002baf0000 	/System/Library/PrivateFrameworks/ProtectedCloudStorage.framework/Versions/A/ProtectedCloudStorage
0x000000002baf0000 	/usr/lib/libcurl.4.dylib
0x000000002baf0000 	/usr/lib/libssl.35.dylib
0x000000002baf0000 	/System/Library/Frameworks/LDAP.framework/Versions/A/LDAP
0x000000002baf0000 	/usr/lib/libsasl2.2.dylib
0x000000002baf0000 	/System/Library/PrivateFrameworks/CoreDaemon.framework/Versions/B/CoreDaemon
0x000000002baf0000 	/System/Library/PrivateFrameworks/AppleSRP.framework/Versions/A/AppleSRP
0x0000000126e11000 	/Library/Java/JavaVirtualMachines/jdk1.8.0_144.jdk/Contents/Home/jre/lib/libjavafx_font.dylib
0x000000002baf0000 	/System/Library/Frameworks/ApplicationServices.framework/Versions/A/Frameworks/ATS.framework/Versions/A/Resources/libTrueTypeScaler.dylib
0x00000001270fa000 	/usr/local/Cellar/swi-prolog/7.6.4/libexec/lib/swipl-7.6.4/lib/x86_64-darwin17.6.0/libjpl.dylib
0x0000000126e1b000 	/Library/Java/JavaVirtualMachines/jdk1.8.0_144.jdk/Contents/Home/jre/lib/server/./libjsig.dylib
0x000000012710a000 	/usr/local/Cellar/swi-prolog/7.6.4/libexec/lib/swipl-7.6.4/lib/x86_64-darwin17.6.0/libswipl.dylib
0x0000000127224000 	/usr/local/opt/gmp/lib/libgmp.10.dylib
0x000000002baf0000 	/usr/lib/libncurses.5.4.dylib
0x000000002baf0000 	/System/Library/Extensions/AppleIntelKBLGraphicsMTLDriver.bundle/Contents/MacOS/AppleIntelKBLGraphicsMTLDriver
0x000000002baf0000 	/System/Library/PrivateFrameworks/GPUCompiler.framework/Versions/3802/Libraries/libmetal_timestamp.dylib
0x000000002baf0000 	/System/Library/PrivateFrameworks/ViewBridge.framework/Versions/A/ViewBridge
0x0000000125007000 	/Library/Java/JavaVirtualMachines/jdk1.8.0_144.jdk/Contents/Home/jre/lib/libprism_common.dylib
0x000000002baf0000 	/System/Library/PrivateFrameworks/login.framework/Versions/A/login
0x000000002baf0000 	/System/Library/PrivateFrameworks/FinderKit.framework/Versions/A/FinderKit
0x000000002baf0000 	/System/Library/Frameworks/Quartz.framework/Versions/A/Frameworks/QuickLookUI.framework/Versions/A/QuickLookUI
0x000000002baf0000 	/System/Library/Frameworks/Quartz.framework/Versions/A/Frameworks/ImageKit.framework/Versions/A/ImageKit
0x000000002baf0000 	/System/Library/Frameworks/QuickLook.framework/Versions/A/QuickLook
0x000000002baf0000 	/System/Library/PrivateFrameworks/AppleSystemInfo.framework/Versions/A/AppleSystemInfo
0x000000002baf0000 	/System/Library/Frameworks/ImageCaptureCore.framework/Versions/A/ImageCaptureCore
0x000000002baf0000 	/System/Library/PrivateFrameworks/Suggestions.framework/Versions/A/Suggestions
0x000000002baf0000 	/System/Library/Frameworks/SafariServices.framework/Versions/A/SafariServices
0x000000002baf0000 	/System/Library/Frameworks/QTKit.framework/Versions/A/QTKit
0x000000002baf0000 	/System/Library/Frameworks/AVFoundation.framework/Versions/A/AVFoundation
0x000000002baf0000 	/System/Library/PrivateFrameworks/CoreMediaAuthoring.framework/Versions/A/CoreMediaAuthoring
0x000000002baf0000 	/System/Library/Frameworks/CoreMediaIO.framework/Versions/A/CoreMediaIO
0x000000002baf0000 	/System/Library/Frameworks/AVFoundation.framework/Versions/A/Frameworks/AVFAudio.framework/Versions/A/AVFAudio
0x000000002baf0000 	/System/Library/PrivateFrameworks/IntlPreferences.framework/Versions/A/IntlPreferences
0x000000002baf0000 	/System/Library/PrivateFrameworks/RemoteServiceDiscovery.framework/Versions/A/RemoteServiceDiscovery
0x000000002baf0000 	/System/Library/PrivateFrameworks/RemoteXPC.framework/Versions/A/RemoteXPC
0x000000002baf0000 	/System/Library/PrivateFrameworks/InternationalSupport.framework/Versions/A/InternationalSupport
0x000000002baf0000 	/System/Library/PrivateFrameworks/QuickLookThumbnailing.framework/Versions/A/QuickLookThumbnailing
0x000000002baf0000 	/System/Library/PrivateFrameworks/GenerationalStorage.framework/Versions/A/GenerationalStorage
0x000000002baf0000 	/System/Library/PrivateFrameworks/ChunkingLibrary.framework/Versions/A/ChunkingLibrary
0x000000002baf0000 	/System/Library/PrivateFrameworks/DisplayServices.framework/Versions/A/DisplayServices
0x000000002baf0000 	/System/Library/Frameworks/Quartz.framework/Versions/A/Frameworks/PDFKit.framework/Versions/A/PDFKit
0x000000002baf0000 	/System/Library/Frameworks/Quartz.framework/Versions/A/Frameworks/QuartzComposer.framework/Versions/A/QuartzComposer
0x000000002baf0000 	/System/Library/Frameworks/Quartz.framework/Versions/A/Frameworks/QuartzFilters.framework/Versions/A/QuartzFilters
0x000000002baf0000 	/System/Library/PrivateFrameworks/CoreBrightness.framework/Versions/A/CoreBrightness
0x000000002baf0000 	/System/Library/PrivateFrameworks/BezelServices.framework/Versions/A/BezelServices
0x000000002baf0000 	/System/Library/PrivateFrameworks/CorePDF.framework/Versions/A/CorePDF
0x000000002baf0000 	/System/Library/Frameworks/JavaScriptCore.framework/Versions/A/JavaScriptCore
0x000000002baf0000 	/System/Library/Frameworks/AddressBook.framework/Versions/A/AddressBook
0x000000002baf0000 	/System/Library/PrivateFrameworks/ContactsPersistence.framework/Versions/A/ContactsPersistence
0x000000002baf0000 	/System/Library/PrivateFrameworks/ApplePushService.framework/Versions/A/ApplePushService
0x000000002baf0000 	/System/Library/PrivateFrameworks/CalendarAgentLink.framework/Versions/A/CalendarAgentLink
0x000000002baf0000 	/System/Library/PrivateFrameworks/ContactsFoundation.framework/Versions/A/ContactsFoundation
0x000000002baf0000 	/System/Library/Frameworks/Quartz.framework/Versions/A/Quartz
0x000000002baf0000 	/System/Library/Frameworks/SecurityInterface.framework/Versions/A/SecurityInterface
0x000000002baf0000 	/System/Library/PrivateFrameworks/ToneKit.framework/Versions/A/ToneKit
0x000000002baf0000 	/System/Library/PrivateFrameworks/ToneLibrary.framework/Versions/A/ToneLibrary
0x000000002baf0000 	/System/Library/PrivateFrameworks/vCard.framework/Versions/A/vCard
0x000000002baf0000 	/System/Library/Frameworks/Accounts.framework/Versions/A/Accounts
0x000000002baf0000 	/System/Library/PrivateFrameworks/PhoneNumbers.framework/Versions/A/PhoneNumbers
0x000000002baf0000 	/System/Library/PrivateFrameworks/CommonUtilities.framework/Versions/A/CommonUtilities
0x000000002baf0000 	/System/Library/PrivateFrameworks/CloudDocs.framework/Versions/A/CloudDocs
0x000000002baf0000 	/System/Library/PrivateFrameworks/FileProvider.framework/Versions/A/FileProvider
0x000000002baf0000 	/System/Library/PrivateFrameworks/SpotlightIndex.framework/Versions/A/SpotlightIndex
0x000000002baf0000 	/System/Library/PrivateFrameworks/SymptomDiagnosticReporter.framework/Versions/A/SymptomDiagnosticReporter
0x000000002baf0000 	/System/Library/PrivateFrameworks/CoreNLP.framework/Versions/A/CoreNLP
0x000000002baf0000 	/usr/lib/libmecab.1.0.0.dylib
0x000000002baf0000 	/usr/lib/libgermantok.dylib
0x000000002baf0000 	/usr/lib/libThaiTokenizer.dylib
0x000000002baf0000 	/System/Library/PrivateFrameworks/PlugInKit.framework/Versions/A/PlugInKit
0x000000002baf0000 	/System/Library/Frameworks/CloudKit.framework/Versions/A/CloudKit
0x000000002baf0000 	/System/Library/Frameworks/CoreLocation.framework/Versions/A/CoreLocation
0x000000002baf0000 	/System/Library/PrivateFrameworks/GeoServices.framework/Versions/A/GeoServices
0x000000002baf0000 	/System/Library/PrivateFrameworks/SharePointManagement.framework/Versions/A/SharePointManagement
0x000000012cd75000 	/System/Library/PrivateFrameworks/FileProvider.framework/OverrideBundles/CloudDocsFileProvider.bundle/Contents/MacOS/CloudDocsFileProvider
0x000000012cd92000 	/System/Library/PrivateFrameworks/FileProvider.framework/OverrideBundles/FileProviderOverride.bundle/Contents/MacOS/FileProviderOverride
0x000000012d113000 	/System/Library/PrivateFrameworks/FileProvider.framework/OverrideBundles/FinderSyncCollaborationFileProviderOverride.bundle/Contents/MacOS/FinderSyncCollaborationFileProviderOverride
0x000000012d126000 	/System/Library/Frameworks/Security.framework/PlugIns/csparser.bundle/Contents/MacOS/csparser

VM Arguments:
jvm_args: -Djava.library.path=/usr/local/Cellar/swi-prolog/7.6.4/libexec/lib/swipl-7.6.4/lib/x86_64-darwin17.6.0 -Dfile.encoding=UTF-8 
java_command: de.fh.PWMC
java_class_path (initial): /Library/Java/JavaVirtualMachines/jdk1.8.0_144.jdk/Contents/Home/jre/lib/resources.jar:/Library/Java/JavaVirtualMachines/jdk1.8.0_144.jdk/Contents/Home/jre/lib/rt.jar:/Library/Java/JavaVirtualMachines/jdk1.8.0_144.jdk/Contents/Home/jre/lib/jsse.jar:/Library/Java/JavaVirtualMachines/jdk1.8.0_144.jdk/Contents/Home/jre/lib/jce.jar:/Library/Java/JavaVirtualMachines/jdk1.8.0_144.jdk/Contents/Home/jre/lib/charsets.jar:/Library/Java/JavaVirtualMachines/jdk1.8.0_144.jdk/Contents/Home/jre/lib/jfr.jar:/Library/Java/JavaVirtualMachines/jdk1.8.0_144.jdk/Contents/Home/jre/lib/ext/sunec.jar:/Library/Java/JavaVirtualMachines/jdk1.8.0_144.jdk/Contents/Home/jre/lib/ext/nashorn.jar:/Library/Java/JavaVirtualMachines/jdk1.8.0_144.jdk/Contents/Home/jre/lib/ext/cldrdata.jar:/Library/Java/JavaVirtualMachines/jdk1.8.0_144.jdk/Contents/Home/jre/lib/ext/jfxrt.jar:/Library/Java/JavaVirtualMachines/jdk1.8.0_144.jdk/Contents/Home/jre/lib/ext/dnsns.jar:/Library/Java/JavaVirtualMachines/jdk1.8.0_144.jdk/Contents/Home/jre/lib/ext/localedata.jar:/Library/Java/JavaVirtualMachines/jdk1.8.0_144.jdk/Contents/Home/jre/lib/ext/sunjce_provider.jar:/Library/Java/JavaVirtualMachines/jdk1.8.0_144.jdk/Contents/Home/jre/lib/ext/sunpkcs11.jar:/Library/Java/JavaVirtualMachines/jdk1.8.0_144.jdk/Contents/Home/jre/lib/ext/jaccess.jar:/Library/Java/JavaVirtualMachines/jdk1.8.0_144.jdk/Contents/Home/jre/lib/ext/zipfs.jar:/System/Library/Java/Extensions/MRJToolkit.jar:/Users/christophstockhoff/Documents/GitHub/ki2-wumpus/bin:/Users/christophstockhoff/Documents/GitHub/ki2-wumpus/jpl.jar
Launcher Type: SUN_STANDARD

Environment Variables:
PATH=/usr/bin:/bin:/usr/sbin:/sbin
SHELL=/bin/bash

Signal Handlers:
SIGSEGV: [libjvm.dylib+0x5b26e5], sa_mask[0]=11111111011111110111111111111111, sa_flags=SA_ONSTACK|SA_RESTART|SA_SIGINFO
SIGBUS: [libjvm.dylib+0x5b26e5], sa_mask[0]=11111111011111110111111111111111, sa_flags=SA_RESTART|SA_SIGINFO
SIGFPE: [libjvm.dylib+0x489100], sa_mask[0]=11111111011111110111111111111111, sa_flags=SA_RESTART|SA_SIGINFO
SIGPIPE: [libjvm.dylib+0x489100], sa_mask[0]=11111111011111110111111111111111, sa_flags=SA_RESTART|SA_SIGINFO
SIGXFSZ: [libjvm.dylib+0x489100], sa_mask[0]=11111111011111110111111111111111, sa_flags=SA_RESTART|SA_SIGINFO
SIGILL: [libjvm.dylib+0x489100], sa_mask[0]=11111111011111110111111111111111, sa_flags=SA_RESTART|SA_SIGINFO
SIGUSR1: SIG_DFL, sa_mask[0]=00000000000000000000000000000000, sa_flags=none
SIGUSR2: [libswipl.dylib+0x6c111], sa_mask[0]=00000000000000000000000000000000, sa_flags=none
SIGHUP: [libjvm.dylib+0x4871f5], sa_mask[0]=11111111011111110111111111111111, sa_flags=SA_RESTART|SA_SIGINFO
SIGINT: [libjvm.dylib+0x4871f5], sa_mask[0]=11111111011111110111111111111111, sa_flags=SA_RESTART|SA_SIGINFO
SIGTERM: [libjvm.dylib+0x4871f5], sa_mask[0]=11111111011111110111111111111111, sa_flags=SA_RESTART|SA_SIGINFO
SIGQUIT: [libjvm.dylib+0x4871f5], sa_mask[0]=11111111011111110111111111111111, sa_flags=SA_RESTART|SA_SIGINFO


---------------  S Y S T E M  ---------------

OS:Bsduname:Darwin 17.7.0 Darwin Kernel Version 17.7.0: Thu Jun 21 22:53:14 PDT 2018; root:xnu-4570.71.2~1/RELEASE_X86_64 x86_64
rlimit: STACK 8192k, CORE 0k, NPROC 1418, NOFILE 12544, AS infinity
load average:1.50 2.29 4.07

CPU:total 4 (initial active 4) (2 cores per cpu, 2 threads per core) family 6 model 142 stepping 9, cmov, cx8, fxsr, mmx, sse, sse2, sse3, ssse3, sse4.1, sse4.2, popcnt, avx, avx2, aes, clmul, erms, 3dnowpref, lzcnt, ht, tsc, tscinvbit, bmi1, bmi2, adx

Memory: 4k page, physical 16777216k(2676212k free)

/proc/meminfo:


vm_info: Java HotSpot(TM) 64-Bit Server VM (25.144-b01) for bsd-amd64 JRE (1.8.0_144-b01), built on Jul 21 2017 22:07:42 by "java_re" with gcc 4.2.1 (Based on Apple Inc. build 5658) (LLVM build 2336.11.00)

time: Sat Jul 14 11:03:21 2018
elapsed time: 374 seconds (0d 0h 6m 14s)

